<?xml version="1.0" encoding="UTF-8"?>
<!-- Generated by org.testng.reporters.JUnitXMLReporter -->
<testsuite ignored="0" hostname="user" failures="0" tests="0" time="0.113" errors="0" timestamp="2020-05-26T23:12:22 IST">
  <testcase classname="test.BuyProduct" name="@BeforeTest launchBrowser" time="0.049">
    <failure type="java.lang.NullPointerException">
      <![CDATA[java.lang.NullPointerException
at resources.Base.initialize_Browser(Base.java:15)
at test.BuyProduct.launchBrowser(BuyProduct.java:12)
... Removed 24 stack frames]]>
    </failure>
  </testcase> <!-- @BeforeTest launchBrowser -->
</testsuite>
