<?xml version="1.0" encoding="UTF-8"?>
<testng-results ignored="0" total="0" passed="0" failed="0" skipped="0">
  <reporter-output>
  </reporter-output>
  <suite started-at="2020-05-27T21:05:41 IST" name="Suite" finished-at="2020-05-27T21:07:27 IST" duration-ms="106008">
    <groups>
    </groups>
    <test started-at="2020-05-27T21:05:41 IST" name="Test" finished-at="2020-05-27T21:07:27 IST" duration-ms="106008">
      <class name="test.BuyProduct">
        <test-method is-config="true" signature="launchBrowser()[pri:0, instance:test.BuyProduct@3bf7ca37]" started-at="2020-05-27T21:05:41 IST" name="launchBrowser" finished-at="2020-05-27T21:07:27 IST" duration-ms="105964" status="PASS">
          <reporter-output>
          </reporter-output>
        </test-method> <!-- launchBrowser -->
      </class> <!-- test.BuyProduct -->
    </test> <!-- Test -->
  </suite> <!-- Suite -->
</testng-results>
